[16-01-2025 20:29:39] PayPal\Core\PayPalHttpConnection : INFO: POST https://api.sandbox.paypal.com/v1/oauth2/token
[16-01-2025 20:29:41] PayPal\Core\PayPalHttpConnection : DEBUG: Request Headers 	: POST /v1/oauth2/token HTTP/2, Host: api.sandbox.paypal.com, User-Agent: PayPalSDK/PayPal-PHP-SDK 1.14.0 (platform-ver=8.2.12; bit=64; os=Windows_NT_10.0; machine=AMD64; crypto-lib-ver=3.0.11; curl=8.4.0), Authorization: Basic QVV3OWJZWUpxRHJVaGNTNDV3dE5OZ25DRlVKcEhpcUhxcThPLVNVVkJxQ2dyODdNRGNqT1VwTUNFS1k0azFQZ3F5NkJMRzI5MUJFSm4zSjM6RUxRSFNPSjk5YlNKc2U4cFZzYWNsNEt4MzFhbEtYWjZBX3lzeXE0WTJySTRycVVXcW9odE52STlsb0o1X1FTVzFtTWlqODVnZldTTVdIa2Y=, Accept: */*, Content-Length: 29, Content-Type: application/x-www-form-urlencoded, , 
[16-01-2025 20:29:41] PayPal\Core\PayPalHttpConnection : DEBUG: Request Data		: grant_type=client_credentials
--------------------------------------------------------------------------------------------------------------------------------

[16-01-2025 20:29:41] PayPal\Core\PayPalHttpConnection : INFO: Response Status 	: 200
[16-01-2025 20:29:41] PayPal\Core\PayPalHttpConnection : DEBUG: Response Headers	: content-type: application/json, content-length: 1111, date: Thu, 16 Jan 2025 19:29:41 GMT, access-control-expose-headers: Server-Timing, cache-control: max-age=0, no-cache, no-store, must-revalidate, paypal-debug-id: dbf8610c82443, pragma: no-cache, server-timing: traceparent;desc="00-0000000000000000000dbf8610c82443-ad237ebcff45c2d6-01", traceparent: 00-0000000000000000000dbf8610c82443-5041be023a25c57d-01, vary: Accept-Encoding, x-paypal-token-service: IAAS, http_x_pp_az_locator: ccg18.slc, strict-transport-security: max-age=31536000; includeSubDomains, 
[16-01-2025 20:29:41] PayPal\Core\PayPalHttpConnection : DEBUG: Response Data 	: {"scope":"https://uri.paypal.com/services/payments/futurepayments https://uri.paypal.com/services/invoicing https://uri.paypal.com/services/vault/payment-tokens/read https://uri.paypal.com/services/disputes/read-buyer https://uri.paypal.com/services/payments/realtimepayment https://uri.paypal.com/services/disputes/update-seller https://uri.paypal.com/services/payments/payment/authcapture openid https://uri.paypal.com/services/disputes/read-seller Braintree:Vault https://uri.paypal.com/services/payments/refund https://api.paypal.com/v1/vault/credit-card https://api.paypal.com/v1/payments/.* https://uri.paypal.com/payments/payouts https://uri.paypal.com/services/vault/payment-tokens/readwrite https://api.paypal.com/v1/vault/credit-card/.* https://uri.paypal.com/services/subscriptions https://uri.paypal.com/services/applications/webhooks","access_token":"A21AAJu4nHur5ZfLFSHvgcaWcbLrVbl21XYGPfW7ymV5dHUrLtJfh5zsD1WnqmQYXeSumYa4UXKkOv_6wPYEOStRmo3ygx6Yg","token_type":"Bearer","app_id":"APP-80W284485P519543T","expires_in":32400,"nonce":"2025-01-16T19:29:41ZIe-hBxQyNvWgBEHXC-RDMBkqQpT_9k2Ozrd8w8AMF9A"}

================================================================================================================================

[16-01-2025 20:29:41] PayPal\Core\PayPalHttpConnection : INFO: POST https://api.sandbox.paypal.com/v1/payments/payouts?
[16-01-2025 20:29:42] PayPal\Core\PayPalHttpConnection : DEBUG: Request Headers 	: POST /v1/payments/payouts? HTTP/2, Host: api.sandbox.paypal.com, Accept: */*, Content-Type: application/json, User-Agent: PayPalSDK/PayPal-PHP-SDK 1.14.0 (platform-ver=8.2.12; bit=64; os=Windows_NT_10.0; machine=AMD64; crypto-lib-ver=3.0.11; curl=8.4.0), Authorization: Bearer A21AAJu4nHur5ZfLFSHvgcaWcbLrVbl21XYGPfW7ymV5dHUrLtJfh5zsD1WnqmQYXeSumYa4UXKkOv_6wPYEOStRmo3ygx6Yg, Content-Length: 272, , 
[16-01-2025 20:29:42] PayPal\Core\PayPalHttpConnection : DEBUG: Request Data		: {"sender_batch_header":{"sender_batch_id":"67895e23b9423","email_subject":"Loan Contribution Successful"},"items":[{"recipient_type":"EMAIL","receiver":"sb-oav43o14717327@business.example.com","amount":{"value":"10000","currency":"USD"},"sender_item_id":"67895e23bc49c"}]}
--------------------------------------------------------------------------------------------------------------------------------

[16-01-2025 20:29:42] PayPal\Core\PayPalHttpConnection : INFO: Response Status 	: 422
[16-01-2025 20:29:42] PayPal\Core\PayPalHttpConnection : DEBUG: Response Headers	: content-type: application/json, content-length: 236, date: Thu, 16 Jan 2025 19:29:42 GMT, access-control-expose-headers: Server-Timing, application_id: APP-80W284485P519543T, cache-control: max-age=0, no-cache, no-store, must-revalidate, caller_acct_num: QKKUM8UTKXXQE, paypal-debug-id: 54a35a22fc6a6, server-timing: traceparent;desc="00-000000000000000000054a35a22fc6a6-21846ee1157972e8-01", traceparent: 00-000000000000000000054a35a22fc6a6-6b9438e20eb018eb-01, vary: Accept-Encoding, http_x_pp_az_locator: ccg18.slc, strict-transport-security: max-age=31536000; includeSubDomains, 
[16-01-2025 20:29:42] PayPal\Core\PayPalHttpConnection : ERROR: Got Http response code 422 when accessing https://api.sandbox.paypal.com/v1/payments/payouts?. {"name":"INSUFFICIENT_FUNDS","message":"Sender does not have sufficient funds. Please add funds and retry.","debug_id":"54a35a22fc6a6","information_link":"https://developer.paypal.com/docs/api/payments.payouts-batch/#errors","links":[]}
[16-01-2025 20:29:42] PayPal\Core\PayPalHttpConnection : DEBUG: 

================================================================================================================================

[16-01-2025 20:33:31] PayPal\Core\PayPalHttpConnection : INFO: POST https://api.sandbox.paypal.com/v1/payments/payouts?
[16-01-2025 20:33:33] PayPal\Core\PayPalHttpConnection : DEBUG: Request Headers 	: POST /v1/payments/payouts? HTTP/2, Host: api.sandbox.paypal.com, Accept: */*, Content-Type: application/json, User-Agent: PayPalSDK/PayPal-PHP-SDK 1.14.0 (platform-ver=8.2.12; bit=64; os=Windows_NT_10.0; machine=AMD64; crypto-lib-ver=3.0.11; curl=8.4.0), Authorization: Bearer A21AAJu4nHur5ZfLFSHvgcaWcbLrVbl21XYGPfW7ymV5dHUrLtJfh5zsD1WnqmQYXeSumYa4UXKkOv_6wPYEOStRmo3ygx6Yg, Content-Length: 271, , 
[16-01-2025 20:33:33] PayPal\Core\PayPalHttpConnection : DEBUG: Request Data		: {"sender_batch_header":{"sender_batch_id":"67895f0b179e1","email_subject":"Loan Contribution Successful"},"items":[{"recipient_type":"EMAIL","receiver":"sb-vwcev14717125@business.example.com","amount":{"value":"12000","currency":"USD"},"sender_item_id":"67895f0b446fd"}]}
--------------------------------------------------------------------------------------------------------------------------------

[16-01-2025 20:33:33] PayPal\Core\PayPalHttpConnection : INFO: Response Status 	: 422
[16-01-2025 20:33:33] PayPal\Core\PayPalHttpConnection : DEBUG: Response Headers	: content-type: application/json, content-length: 236, date: Thu, 16 Jan 2025 19:33:33 GMT, access-control-expose-headers: Server-Timing, application_id: APP-80W284485P519543T, cache-control: max-age=0, no-cache, no-store, must-revalidate, caller_acct_num: QKKUM8UTKXXQE, paypal-debug-id: 4c6b0d5bc8c56, server-timing: traceparent;desc="00-00000000000000000004c6b0d5bc8c56-67f4d86827777eca-01", traceparent: 00-00000000000000000004c6b0d5bc8c56-43bbaefc0f9d6629-01, vary: Accept-Encoding, http_x_pp_az_locator: ccg18.slc, strict-transport-security: max-age=31536000; includeSubDomains, 
[16-01-2025 20:33:33] PayPal\Core\PayPalHttpConnection : ERROR: Got Http response code 422 when accessing https://api.sandbox.paypal.com/v1/payments/payouts?. {"name":"INSUFFICIENT_FUNDS","message":"Sender does not have sufficient funds. Please add funds and retry.","debug_id":"4c6b0d5bc8c56","information_link":"https://developer.paypal.com/docs/api/payments.payouts-batch/#errors","links":[]}
[16-01-2025 20:33:33] PayPal\Core\PayPalHttpConnection : DEBUG: 

================================================================================================================================

[16-01-2025 20:36:36] PayPal\Core\PayPalHttpConnection : INFO: POST https://api.sandbox.paypal.com/v1/payments/payouts?
[16-01-2025 20:36:37] PayPal\Core\PayPalHttpConnection : DEBUG: Request Headers 	: POST /v1/payments/payouts? HTTP/2, Host: api.sandbox.paypal.com, Accept: */*, Content-Type: application/json, User-Agent: PayPalSDK/PayPal-PHP-SDK 1.14.0 (platform-ver=8.2.12; bit=64; os=Windows_NT_10.0; machine=AMD64; crypto-lib-ver=3.0.11; curl=8.4.0), Authorization: Bearer A21AAJu4nHur5ZfLFSHvgcaWcbLrVbl21XYGPfW7ymV5dHUrLtJfh5zsD1WnqmQYXeSumYa4UXKkOv_6wPYEOStRmo3ygx6Yg, Content-Length: 271, , 
[16-01-2025 20:36:37] PayPal\Core\PayPalHttpConnection : DEBUG: Request Data		: {"sender_batch_header":{"sender_batch_id":"67895fc42c8d2","email_subject":"Loan Contribution Successful"},"items":[{"recipient_type":"EMAIL","receiver":"sb-vwcev14717125@business.example.com","amount":{"value":"12000","currency":"USD"},"sender_item_id":"67895fc42cd2d"}]}
--------------------------------------------------------------------------------------------------------------------------------

[16-01-2025 20:36:37] PayPal\Core\PayPalHttpConnection : INFO: Response Status 	: 422
[16-01-2025 20:36:37] PayPal\Core\PayPalHttpConnection : DEBUG: Response Headers	: content-type: application/json, content-length: 236, date: Thu, 16 Jan 2025 19:36:37 GMT, access-control-expose-headers: Server-Timing, application_id: APP-80W284485P519543T, cache-control: max-age=0, no-cache, no-store, must-revalidate, caller_acct_num: QKKUM8UTKXXQE, paypal-debug-id: 438be08548a58, server-timing: traceparent;desc="00-0000000000000000000438be08548a58-5875248607a6d78a-01", traceparent: 00-0000000000000000000438be08548a58-e10e56025d2f4339-01, vary: Accept-Encoding, http_x_pp_az_locator: ccg18.slc, strict-transport-security: max-age=31536000; includeSubDomains, 
[16-01-2025 20:36:37] PayPal\Core\PayPalHttpConnection : ERROR: Got Http response code 422 when accessing https://api.sandbox.paypal.com/v1/payments/payouts?. {"name":"INSUFFICIENT_FUNDS","message":"Sender does not have sufficient funds. Please add funds and retry.","debug_id":"438be08548a58","information_link":"https://developer.paypal.com/docs/api/payments.payouts-batch/#errors","links":[]}
[16-01-2025 20:36:37] PayPal\Core\PayPalHttpConnection : DEBUG: 

================================================================================================================================

[16-01-2025 20:39:04] PayPal\Core\PayPalHttpConnection : INFO: POST https://api.sandbox.paypal.com/v1/payments/payouts?
[16-01-2025 20:39:05] PayPal\Core\PayPalHttpConnection : DEBUG: Request Headers 	: POST /v1/payments/payouts? HTTP/2, Host: api.sandbox.paypal.com, Accept: */*, Content-Type: application/json, User-Agent: PayPalSDK/PayPal-PHP-SDK 1.14.0 (platform-ver=8.2.12; bit=64; os=Windows_NT_10.0; machine=AMD64; crypto-lib-ver=3.0.11; curl=8.4.0), Authorization: Bearer A21AAJu4nHur5ZfLFSHvgcaWcbLrVbl21XYGPfW7ymV5dHUrLtJfh5zsD1WnqmQYXeSumYa4UXKkOv_6wPYEOStRmo3ygx6Yg, Content-Length: 270, , 
[16-01-2025 20:39:05] PayPal\Core\PayPalHttpConnection : DEBUG: Request Data		: {"sender_batch_header":{"sender_batch_id":"67896058614a3","email_subject":"Loan Contribution Successful"},"items":[{"recipient_type":"EMAIL","receiver":"sb-vwcev14717125@business.example.com","amount":{"value":"3000","currency":"USD"},"sender_item_id":"6789605862d20"}]}
--------------------------------------------------------------------------------------------------------------------------------

[16-01-2025 20:39:05] PayPal\Core\PayPalHttpConnection : INFO: Response Status 	: 422
[16-01-2025 20:39:05] PayPal\Core\PayPalHttpConnection : DEBUG: Response Headers	: content-type: application/json, content-length: 236, date: Thu, 16 Jan 2025 19:39:05 GMT, access-control-expose-headers: Server-Timing, application_id: APP-80W284485P519543T, cache-control: max-age=0, no-cache, no-store, must-revalidate, caller_acct_num: QKKUM8UTKXXQE, paypal-debug-id: d7cd472da7b13, server-timing: traceparent;desc="00-0000000000000000000d7cd472da7b13-ebc37146286a5092-01", traceparent: 00-0000000000000000000d7cd472da7b13-3c1d58f08cdb1b64-01, vary: Accept-Encoding, http_x_pp_az_locator: ccg18.slc, strict-transport-security: max-age=31536000; includeSubDomains, 
[16-01-2025 20:39:05] PayPal\Core\PayPalHttpConnection : ERROR: Got Http response code 422 when accessing https://api.sandbox.paypal.com/v1/payments/payouts?. {"name":"INSUFFICIENT_FUNDS","message":"Sender does not have sufficient funds. Please add funds and retry.","debug_id":"d7cd472da7b13","information_link":"https://developer.paypal.com/docs/api/payments.payouts-batch/#errors","links":[]}
[16-01-2025 20:39:05] PayPal\Core\PayPalHttpConnection : DEBUG: 

================================================================================================================================

[16-01-2025 20:40:42] PayPal\Core\PayPalHttpConnection : INFO: POST https://api.sandbox.paypal.com/v1/payments/payouts?
[16-01-2025 20:40:43] PayPal\Core\PayPalHttpConnection : DEBUG: Request Headers 	: POST /v1/payments/payouts? HTTP/2, Host: api.sandbox.paypal.com, Accept: */*, Content-Type: application/json, User-Agent: PayPalSDK/PayPal-PHP-SDK 1.14.0 (platform-ver=8.2.12; bit=64; os=Windows_NT_10.0; machine=AMD64; crypto-lib-ver=3.0.11; curl=8.4.0), Authorization: Bearer A21AAJu4nHur5ZfLFSHvgcaWcbLrVbl21XYGPfW7ymV5dHUrLtJfh5zsD1WnqmQYXeSumYa4UXKkOv_6wPYEOStRmo3ygx6Yg, Content-Length: 270, , 
[16-01-2025 20:40:43] PayPal\Core\PayPalHttpConnection : DEBUG: Request Data		: {"sender_batch_header":{"sender_batch_id":"678960ba91930","email_subject":"Loan Contribution Successful"},"items":[{"recipient_type":"EMAIL","receiver":"sb-vwcev14717125@business.example.com","amount":{"value":"3000","currency":"USD"},"sender_item_id":"678960ba91cc3"}]}
--------------------------------------------------------------------------------------------------------------------------------

[16-01-2025 20:40:43] PayPal\Core\PayPalHttpConnection : INFO: Response Status 	: 422
[16-01-2025 20:40:43] PayPal\Core\PayPalHttpConnection : DEBUG: Response Headers	: content-type: application/json, content-length: 236, date: Thu, 16 Jan 2025 19:40:44 GMT, access-control-expose-headers: Server-Timing, application_id: APP-80W284485P519543T, cache-control: max-age=0, no-cache, no-store, must-revalidate, caller_acct_num: QKKUM8UTKXXQE, paypal-debug-id: b0971a4f2d232, server-timing: traceparent;desc="00-0000000000000000000b0971a4f2d232-e0ea962454620916-01", traceparent: 00-0000000000000000000b0971a4f2d232-5c3d5eda4ffddfcf-01, vary: Accept-Encoding, http_x_pp_az_locator: ccg18.slc, strict-transport-security: max-age=31536000; includeSubDomains, 
[16-01-2025 20:40:43] PayPal\Core\PayPalHttpConnection : ERROR: Got Http response code 422 when accessing https://api.sandbox.paypal.com/v1/payments/payouts?. {"name":"INSUFFICIENT_FUNDS","message":"Sender does not have sufficient funds. Please add funds and retry.","debug_id":"b0971a4f2d232","information_link":"https://developer.paypal.com/docs/api/payments.payouts-batch/#errors","links":[]}
[16-01-2025 20:40:43] PayPal\Core\PayPalHttpConnection : DEBUG: 

================================================================================================================================

[16-01-2025 20:41:54] PayPal\Core\PayPalHttpConnection : INFO: POST https://api.sandbox.paypal.com/v1/payments/payouts?
[16-01-2025 20:41:56] PayPal\Core\PayPalHttpConnection : DEBUG: Request Headers 	: POST /v1/payments/payouts? HTTP/2, Host: api.sandbox.paypal.com, Accept: */*, Content-Type: application/json, User-Agent: PayPalSDK/PayPal-PHP-SDK 1.14.0 (platform-ver=8.2.12; bit=64; os=Windows_NT_10.0; machine=AMD64; crypto-lib-ver=3.0.11; curl=8.4.0), Authorization: Bearer A21AAJu4nHur5ZfLFSHvgcaWcbLrVbl21XYGPfW7ymV5dHUrLtJfh5zsD1WnqmQYXeSumYa4UXKkOv_6wPYEOStRmo3ygx6Yg, Content-Length: 272, , 
[16-01-2025 20:41:56] PayPal\Core\PayPalHttpConnection : DEBUG: Request Data		: {"sender_batch_header":{"sender_batch_id":"67896102bbf00","email_subject":"Loan Contribution Successful"},"items":[{"recipient_type":"EMAIL","receiver":"sb-oav43o14717327@business.example.com","amount":{"value":"12000","currency":"USD"},"sender_item_id":"67896102bc3e6"}]}
--------------------------------------------------------------------------------------------------------------------------------

[16-01-2025 20:41:56] PayPal\Core\PayPalHttpConnection : INFO: Response Status 	: 422
[16-01-2025 20:41:56] PayPal\Core\PayPalHttpConnection : DEBUG: Response Headers	: content-type: application/json, content-length: 236, date: Thu, 16 Jan 2025 19:41:56 GMT, access-control-expose-headers: Server-Timing, application_id: APP-80W284485P519543T, cache-control: max-age=0, no-cache, no-store, must-revalidate, caller_acct_num: QKKUM8UTKXXQE, paypal-debug-id: 5852689eb9ee3, server-timing: traceparent;desc="00-00000000000000000005852689eb9ee3-3027d9693e170001-01", traceparent: 00-00000000000000000005852689eb9ee3-e14cbdca4c62b251-01, vary: Accept-Encoding, http_x_pp_az_locator: ccg18.slc, strict-transport-security: max-age=31536000; includeSubDomains, 
[16-01-2025 20:41:56] PayPal\Core\PayPalHttpConnection : ERROR: Got Http response code 422 when accessing https://api.sandbox.paypal.com/v1/payments/payouts?. {"name":"INSUFFICIENT_FUNDS","message":"Sender does not have sufficient funds. Please add funds and retry.","debug_id":"5852689eb9ee3","information_link":"https://developer.paypal.com/docs/api/payments.payouts-batch/#errors","links":[]}
[16-01-2025 20:41:56] PayPal\Core\PayPalHttpConnection : DEBUG: 

================================================================================================================================

